Using pre-set license
Built from '2021.1/staging' branch; Version is '2021.1.17f1 (03b40fe07a36) revision 242703'; Using compiler version '192528614'; Build Type 'Release'
OS: 'Windows 10 Home; OS build 22621.819; Version 2009; 64bit' Language: 'en' Physical Memory: 16251 MB
BatchMode: 1, IsHumanControllingUs: 0, StartBugReporterOnCrash: 0, Is64bit: 1, IsPro: 0

 COMMAND LINE ARGUMENTS:
C:\Program Files\Unity\Hub\Editor\2021.1.17f1\Editor\Unity.exe
-adb2
-batchMode
-noUpm
-name
AssetImportWorker0
-projectPath
C:/Unity Projects/2D-Dungeon-Crawler
-logFile
Logs/AssetImportWorker0.log
-srvPort
58083
Successfully changed project path to: C:/Unity Projects/2D-Dungeon-Crawler
C:/Unity Projects/2D-Dungeon-Crawler
Using Asset Import Pipeline V2.
Refreshing native plugins compatible for Editor in 85.41 ms, found 4 plugins.
Preloading 0 native plugins for Editor in 0.00 ms.
Initialize engine version: 2021.1.17f1 (03b40fe07a36)
[Subsystems] Discovering subsystems at path C:/Program Files/Unity/Hub/Editor/2021.1.17f1/Editor/Data/Resources/UnitySubsystems
[Subsystems] Discovering subsystems at path C:/Unity Projects/2D-Dungeon-Crawler/Assets
GfxDevice: creating device client; threaded=0; jobified=0
Direct3D:
    Version:  Direct3D 11.0 [level 11.1]
    Renderer: NVIDIA GeForce RTX 2060 (ID=0x1e89)
    Vendor:   NVIDIA
    VRAM:     5958 MB
    Driver:   31.0.15.2647
Initialize mono
Mono path[0] = 'C:/Program Files/Unity/Hub/Editor/2021.1.17f1/Editor/Data/Managed'
Mono path[1] = 'C:/Program Files/Unity/Hub/Editor/2021.1.17f1/Editor/Data/MonoBleedingEdge/lib/mono/unityjit'
Mono config path = 'C:/Program Files/Unity/Hub/Editor/2021.1.17f1/Editor/Data/MonoBleedingEdge/etc'
Using monoOptions --debugger-agent=transport=dt_socket,embedding=1,server=y,suspend=n,address=127.0.0.1:56008
Begin MonoManager ReloadAssembly
Registering precompiled unity dll's ...
Register platform support module: C:/Program Files/Unity/Hub/Editor/2021.1.17f1/Editor/Data/PlaybackEngines/WindowsStandaloneSupport/UnityEditor.WindowsStandalone.Extensions.dll
Registered in 0.001261 seconds.
Native extension for WindowsStandalone target not found
Refreshing native plugins compatible for Editor in 95.45 ms, found 4 plugins.
Preloading 0 native plugins for Editor in 0.00 ms.
Mono: successfully reloaded assembly
- Completed reload, in  1.024 seconds
Domain Reload Profiling:
	ReloadAssembly (1024ms)
		BeginReloadAssembly (49ms)
			ExecutionOrderSort (0ms)
			DisableScriptedObjects (0ms)
			BackupInstance (0ms)
			ReleaseScriptingObjects (0ms)
			CreateAndSetChildDomain (1ms)
		EndReloadAssembly (401ms)
			LoadAssemblies (47ms)
			RebuildTransferFunctionScriptingTraits (0ms)
			SetupTypeCache (128ms)
			ReleaseScriptCaches (0ms)
			RebuildScriptCaches (24ms)
			SetupLoadedEditorAssemblies (210ms)
				LogAssemblyErrors (0ms)
				InitializePlatformSupportModulesInManaged (5ms)
				SetLoadedEditorAssemblies (0ms)
				RefreshPlugins (96ms)
				BeforeProcessingInitializeOnLoad (1ms)
				ProcessInitializeOnLoadAttributes (83ms)
				ProcessInitializeOnLoadMethodAttributes (25ms)
				AfterProcessingInitializeOnLoad (0ms)
				EditorAssembliesLoaded (0ms)
			ExecutionOrderSort2 (0ms)
			AwakeInstancesAfterBackupRestoration (0ms)
Platform modules already initialized, skipping
Registering precompiled user dll's ...
Registered in 0.014763 seconds.
Begin MonoManager ReloadAssembly
Symbol file LoadedFromMemory doesn't match image C:\Unity Projects\2D-Dungeon-Crawler\Library\PackageCache\com.unity.visualscripting@1.6.1\Editor\VisualScripting.Core\Dependencies\YamlDotNet\Unity.VisualScripting.YamlDotNet.dll
Symbol file LoadedFromMemory doesn't match image C:\Unity Projects\2D-Dungeon-Crawler\Library\PackageCache\com.unity.visualscripting@1.6.1\Editor\VisualScripting.Core\Dependencies\DotNetZip\Unity.VisualScripting.IonicZip.dll
Native extension for WindowsStandalone target not found
Refreshing native plugins compatible for Editor in 80.84 ms, found 4 plugins.
Preloading 0 native plugins for Editor in 0.00 ms.
Mono: successfully reloaded assembly
- Completed reload, in  0.989 seconds
Domain Reload Profiling:
	ReloadAssembly (989ms)
		BeginReloadAssembly (108ms)
			ExecutionOrderSort (0ms)
			DisableScriptedObjects (3ms)
			BackupInstance (0ms)
			ReleaseScriptingObjects (0ms)
			CreateAndSetChildDomain (14ms)
		EndReloadAssembly (837ms)
			LoadAssemblies (77ms)
			RebuildTransferFunctionScriptingTraits (0ms)
			SetupTypeCache (253ms)
			ReleaseScriptCaches (0ms)
			RebuildScriptCaches (40ms)
			SetupLoadedEditorAssemblies (398ms)
				LogAssemblyErrors (0ms)
				InitializePlatformSupportModulesInManaged (3ms)
				SetLoadedEditorAssemblies (0ms)
				RefreshPlugins (81ms)
				BeforeProcessingInitializeOnLoad (65ms)
				ProcessInitializeOnLoadAttributes (232ms)
				ProcessInitializeOnLoadMethodAttributes (13ms)
				AfterProcessingInitializeOnLoad (4ms)
				EditorAssembliesLoaded (0ms)
			ExecutionOrderSort2 (0ms)
			AwakeInstancesAfterBackupRestoration (5ms)
Platform modules already initialized, skipping
========================================================================
Worker process is ready to serve import requests
Launched and connected shader compiler UnityShaderCompiler.exe after 0.03 seconds
Refreshing native plugins compatible for Editor in 0.72 ms, found 4 plugins.
Preloading 0 native plugins for Editor in 0.00 ms.
Unloading 3690 Unused Serialized files (Serialized files now loaded: 0)
System memory in use before: 136.7 MB.
System memory in use after: 136.9 MB.

Unloading 32 unused Assets to reduce memory usage. Loaded Objects now: 4139.
Total: 3.862800 ms (FindLiveObjects: 0.184500 ms CreateObjectMapping: 0.097800 ms MarkObjects: 3.522200 ms  DeleteObjects: 0.057500 ms)

AssetImportParameters requested are different than current active one (requested -> active):
  custom:framework-win-MediaFoundation: 216162199b28c13a410421893ffa2e32 -> 
  custom:video-decoder-ogg-theora: a1e56fd34408186e4bbccfd4996cb3dc -> 
  custom:container-muxer-webm: aa71ff27fc2769a1b78a27578f13a17b -> 
  custom:container-demuxer-webm: 4f35f7cbe854078d1ac9338744f61a02 -> 
  custom:container-demuxer-ogg: 62fdf1f143b41e24485cea50d1cbac27 -> 
  custom:video-encoder-webm-vp8: eb34c28f22e8b96e1ab97ce403110664 -> 
  custom:video-codec-MediaFoundation-h265: 746d11721c4dcdbdad8f713fa42b33f4 -> 
  custom:video-decoder-webm-vp8: 9c59270c3fd7afecdb556c50c9e8de78 -> 
  custom:audio-decoder-ogg-vorbis: bf7c407c2cedff20999df2af8eb42d56 -> 
  custom:audio-encoder-webm-vorbis: bf7c407c2cedff20999df2af8eb42d56 -> 
========================================================================
Received Import Request.
  path: Assets/MinimapRenderTexture.renderTexture
  artifactKey: Guid(ace56cdfc9db41a418690586f3e532ec) Importer(815301076,1909f56bfc062723c751e8b465ee728b)
Start importing Assets/MinimapRenderTexture.renderTexture using Guid(ace56cdfc9db41a418690586f3e532ec) Importer(815301076,1909f56bfc062723c751e8b465ee728b)  -> (artifact id: '385f56cb3e163610e6ee28e2f1bbc097') in 0.068699 seconds 
========================================================================
Received Import Request.
  Time since last request: 21.420674 seconds.
  path: Assets/Prefabs/B.prefab
  artifactKey: Guid(5f3babc0d8988e641ac80c4151a87544) Importer(815301076,1909f56bfc062723c751e8b465ee728b)
Start importing Assets/Prefabs/B.prefab using Guid(5f3babc0d8988e641ac80c4151a87544) Importer(815301076,1909f56bfc062723c751e8b465ee728b)  -> (artifact id: 'a0e8e8077b076ddaa66184e150f8f3c5') in 0.066983 seconds 
========================================================================
Received Import Request.
  Time since last request: 0.000307 seconds.
  path: Assets/Prefabs/TR.prefab
  artifactKey: Guid(28391dd0f08617945b382e6c7b7b14a2) Importer(815301076,1909f56bfc062723c751e8b465ee728b)
Start importing Assets/Prefabs/TR.prefab using Guid(28391dd0f08617945b382e6c7b7b14a2) Importer(815301076,1909f56bfc062723c751e8b465ee728b)  -> (artifact id: 'e731188e918bbbbf06d61f8d230f41cc') in 0.009324 seconds 
========================================================================
Received Import Request.
  Time since last request: 0.000352 seconds.
  path: Assets/Prefabs/T.prefab
  artifactKey: Guid(1d37a7c9a93b5414fb272b5c8207f785) Importer(815301076,1909f56bfc062723c751e8b465ee728b)
Start importing Assets/Prefabs/T.prefab using Guid(1d37a7c9a93b5414fb272b5c8207f785) Importer(815301076,1909f56bfc062723c751e8b465ee728b)  -> (artifact id: '375dc24ae5548f162c8ebefe05604b08') in 0.008295 seconds 
========================================================================
Received Import Request.
  Time since last request: 0.000313 seconds.
  path: Assets/Prefabs/LB.prefab
  artifactKey: Guid(fe2f68ccf737aa348bad221b2ebadf56) Importer(815301076,1909f56bfc062723c751e8b465ee728b)
Start importing Assets/Prefabs/LB.prefab using Guid(fe2f68ccf737aa348bad221b2ebadf56) Importer(815301076,1909f56bfc062723c751e8b465ee728b)  -> (artifact id: '09e1e2d27abcafb5ac630eec65413612') in 0.009583 seconds 
========================================================================
Received Import Request.
  Time since last request: 0.000255 seconds.
  path: Assets/Prefabs/TB.prefab
  artifactKey: Guid(52ca549d99a99ad46a16af6c28b518e4) Importer(815301076,1909f56bfc062723c751e8b465ee728b)
Start importing Assets/Prefabs/TB.prefab using Guid(52ca549d99a99ad46a16af6c28b518e4) Importer(815301076,1909f56bfc062723c751e8b465ee728b)  -> (artifact id: '679f87f7f508e0b960e6b1a35366b9db') in 0.008960 seconds 
========================================================================
Received Import Request.
  Time since last request: 0.000298 seconds.
  path: Assets/Prefabs/TLB.prefab
  artifactKey: Guid(2589aefc95d474241803a008b68fd330) Importer(815301076,1909f56bfc062723c751e8b465ee728b)
Start importing Assets/Prefabs/TLB.prefab using Guid(2589aefc95d474241803a008b68fd330) Importer(815301076,1909f56bfc062723c751e8b465ee728b)  -> (artifact id: 'bf4203bac0402f8baa1f6293ca40c882') in 0.009279 seconds 
========================================================================
Received Import Request.
  Time since last request: 0.000314 seconds.
  path: Assets/Prefabs/TLR.prefab
  artifactKey: Guid(83ce52a38ae260549af385678ed1a83a) Importer(815301076,1909f56bfc062723c751e8b465ee728b)
Start importing Assets/Prefabs/TLR.prefab using Guid(83ce52a38ae260549af385678ed1a83a) Importer(815301076,1909f56bfc062723c751e8b465ee728b)  -> (artifact id: 'fc01cb34ad77b14848d88a0f9da1b3bc') in 0.008083 seconds 
========================================================================
Received Import Request.
  Time since last request: 0.000355 seconds.
  path: Assets/Prefabs/TRB.prefab
  artifactKey: Guid(622b0d227a934374aaba41d485b8fe2a) Importer(815301076,1909f56bfc062723c751e8b465ee728b)
Start importing Assets/Prefabs/TRB.prefab using Guid(622b0d227a934374aaba41d485b8fe2a) Importer(815301076,1909f56bfc062723c751e8b465ee728b)  -> (artifact id: '8f34a730711d200e96ca51dda748d189') in 0.008466 seconds 
========================================================================
Received Import Request.
  Time since last request: 0.000304 seconds.
  path: Assets/Prefabs/RBL.prefab
  artifactKey: Guid(3cd818a0b1674e445963b64d0c4bb25f) Importer(815301076,1909f56bfc062723c751e8b465ee728b)
Start importing Assets/Prefabs/RBL.prefab using Guid(3cd818a0b1674e445963b64d0c4bb25f) Importer(815301076,1909f56bfc062723c751e8b465ee728b)  -> (artifact id: 'e16f0342166e5fe234ed6dc324d76d60') in 0.008572 seconds 
========================================================================
Received Import Request.
  Time since last request: 0.000265 seconds.
  path: Assets/Prefabs/End.prefab
  artifactKey: Guid(76d63ec9d973d8a4a82b77fccbdf911a) Importer(815301076,1909f56bfc062723c751e8b465ee728b)
Start importing Assets/Prefabs/End.prefab using Guid(76d63ec9d973d8a4a82b77fccbdf911a) Importer(815301076,1909f56bfc062723c751e8b465ee728b)  -> (artifact id: '2801de9bdc3eb5c4fd6b56631bdaa2c5') in 0.010296 seconds 
========================================================================
Received Import Request.
  Time since last request: 0.000206 seconds.
  path: Assets/Prefabs/TL.prefab
  artifactKey: Guid(ae3c752c2f488d04daa39b98b4ad55ca) Importer(815301076,1909f56bfc062723c751e8b465ee728b)
Start importing Assets/Prefabs/TL.prefab using Guid(ae3c752c2f488d04daa39b98b4ad55ca) Importer(815301076,1909f56bfc062723c751e8b465ee728b)  -> (artifact id: '7677cb1cf1cfc714c3287307a5ba0ae4') in 0.008686 seconds 
========================================================================
Received Import Request.
  Time since last request: 0.000190 seconds.
  path: Assets/Prefabs/Entry Room.prefab
  artifactKey: Guid(1156a04bd527de5498c5aba5b1de324f) Importer(815301076,1909f56bfc062723c751e8b465ee728b)
Start importing Assets/Prefabs/Entry Room.prefab using Guid(1156a04bd527de5498c5aba5b1de324f) Importer(815301076,1909f56bfc062723c751e8b465ee728b)  -> (artifact id: 'c6f443eaee421864696f123e524e016c') in 0.008354 seconds 
========================================================================
Received Import Request.
  Time since last request: 0.000233 seconds.
  path: Assets/Prefabs/R.prefab
  artifactKey: Guid(c27e80a9fa3b4eb48affb54dd0588399) Importer(815301076,1909f56bfc062723c751e8b465ee728b)
Start importing Assets/Prefabs/R.prefab using Guid(c27e80a9fa3b4eb48affb54dd0588399) Importer(815301076,1909f56bfc062723c751e8b465ee728b)  -> (artifact id: 'dd01a561e09917744cf8e87d972b0de8') in 0.008892 seconds 
========================================================================
Received Import Request.
  Time since last request: 0.000233 seconds.
  path: Assets/Prefabs/L.prefab
  artifactKey: Guid(c87a34beb4a1bbc41863046c7d12f32a) Importer(815301076,1909f56bfc062723c751e8b465ee728b)
Start importing Assets/Prefabs/L.prefab using Guid(c87a34beb4a1bbc41863046c7d12f32a) Importer(815301076,1909f56bfc062723c751e8b465ee728b)  -> (artifact id: '1182e50121529133aca940dad72d4b40') in 0.008980 seconds 
========================================================================
Received Import Request.
  Time since last request: 0.000299 seconds.
  path: Assets/Prefabs/Key.prefab
  artifactKey: Guid(7671f4d388c6c9a44b3520fc761a075c) Importer(815301076,1909f56bfc062723c751e8b465ee728b)
Start importing Assets/Prefabs/Key.prefab using Guid(7671f4d388c6c9a44b3520fc761a075c) Importer(815301076,1909f56bfc062723c751e8b465ee728b)  -> (artifact id: 'dc6c1738a0c826d2e9af179f15027378') in 0.006922 seconds 
========================================================================
Received Import Request.
  Time since last request: 0.000364 seconds.
  path: Assets/Prefabs/LR.prefab
  artifactKey: Guid(b91d55eda3650d9439d1b6e28a3f1c0f) Importer(815301076,1909f56bfc062723c751e8b465ee728b)
Start importing Assets/Prefabs/LR.prefab using Guid(b91d55eda3650d9439d1b6e28a3f1c0f) Importer(815301076,1909f56bfc062723c751e8b465ee728b)  -> (artifact id: 'b40b7804783ac2b963a0c4da9b4b8fa5') in 0.009048 seconds 
========================================================================
Received Import Request.
  Time since last request: 0.000254 seconds.
  path: Assets/Prefabs/RB.prefab
  artifactKey: Guid(8e02db3b367d71745bd3f32e5f94aec7) Importer(815301076,1909f56bfc062723c751e8b465ee728b)
Start importing Assets/Prefabs/RB.prefab using Guid(8e02db3b367d71745bd3f32e5f94aec7) Importer(815301076,1909f56bfc062723c751e8b465ee728b)  -> (artifact id: '5fc2b46f313138abc28e2a1aca2f8956') in 0.008859 seconds 
========================================================================
Received Import Request.
  Time since last request: 0.000260 seconds.
  path: Assets/Prefabs/Closed Wall.prefab
  artifactKey: Guid(4f4b02f6ecec2f7459dd43b2b09b1e86) Importer(815301076,1909f56bfc062723c751e8b465ee728b)
Start importing Assets/Prefabs/Closed Wall.prefab using Guid(4f4b02f6ecec2f7459dd43b2b09b1e86) Importer(815301076,1909f56bfc062723c751e8b465ee728b)  -> (artifact id: '86ea0b6d7405d5d003cf9bf7803e62ff') in 0.007573 seconds 
AssetImportWorkerClient::OnTransportError - code=2 error=End of file
